[beruang4d.com/index.html]
[backblue.gif]
[fade.gif]
[index.html]
[beruang4d.com/assets/img/logo11.png]
[beruang4d.com/assets/img/logo22.png]
[cdn.ampproject.org/v0/amp-analytics-0.1.js]
[cdn.ampproject.org/v0.js]
[beruang4d.com/assets/fonts/BebasNeue.woff2]
[beruang4d.com/assets/fonts/BebasNeue.ttf]
[beruang4d.com/assets/fonts/BebasNeue.eot]
[beruang4d.com/assets/img/register.png]
[beruang4d.com/assets/img/livechat.png]
[beruang4d.com/assets/img/whatsapp.png]
[beruang4d.com/assets/img/beruang.png]
[beruang4d.com/assets/img/android.png]
[beruang4d.com/assets/img/ios.png]
[beruang4d.com/assets/img/bank.png]
[beruang4d.com/index.html]
[beruang4d.com/assets/img/icon.html]
[beruang4d.com/amp/pav/pav.html]
[beruang4d.com/assets/fonts/BebasNeue.html]
